[2019-09-25 16:01:18,157] INFO [GroupCoordinator 0]: Member consumer-2-952af6c3-3a4c-413d-8c84-7a9a00f4c72b in group customer-service has left, removing it from the group (kafka.coordinator.group.GroupCoordinator)
[2019-09-25 16:01:18,158] INFO [GroupCoordinator 0]: Preparing to rebalance group customer-service in state PreparingRebalance with old generation 99 (__consumer_offsets-44) (reason: removing member consumer-2-952af6c3-3a4c-413d-8c84-7a9a00f4c72b on LeaveGroup) (kafka.coordinator.group.GroupCoordinator)
[2019-09-25 16:01:18,158] INFO [GroupCoordinator 0]: Group customer-service with generation 100 is now empty (__consumer_offsets-44) (kafka.coordinator.group.GroupCoordinator)
[2019-09-25 16:01:25,542] INFO [GroupCoordinator 0]: Preparing to rebalance group customer-service in state PreparingRebalance with old generation 100 (__consumer_offsets-44) (reason: Adding new member consumer-2-8ff77fb8-750d-41d4-bc34-54eddca62138 with group instanceid None) (kafka.coordinator.group.GroupCoordinator)
[2019-09-25 16:01:25,543] INFO [GroupCoordinator 0]: Stabilized group customer-service generation 101 (__consumer_offsets-44) (kafka.coordinator.group.GroupCoordinator)
[2019-09-25 16:01:25,547] INFO [GroupCoordinator 0]: Assignment received from leader for group customer-service for generation 101 (kafka.coordinator.group.GroupCoordinator)
[2019-09-25 16:04:26,373] INFO [GroupCoordinator 0]: Member consumer-2-8ff77fb8-750d-41d4-bc34-54eddca62138 in group customer-service has left, removing it from the group (kafka.coordinator.group.GroupCoordinator)
[2019-09-25 16:04:26,374] INFO [GroupCoordinator 0]: Preparing to rebalance group customer-service in state PreparingRebalance with old generation 101 (__consumer_offsets-44) (reason: removing member consumer-2-8ff77fb8-750d-41d4-bc34-54eddca62138 on LeaveGroup) (kafka.coordinator.group.GroupCoordinator)
[2019-09-25 16:04:26,374] INFO [GroupCoordinator 0]: Group customer-service with generation 102 is now empty (__consumer_offsets-44) (kafka.coordinator.group.GroupCoordinator)
[2019-09-25 16:08:37,123] INFO [GroupMetadataManager brokerId=0] Removed 0 expired offsets in 0 milliseconds. (kafka.coordinator.group.GroupMetadataManager)
[2019-09-25 16:18:37,141] INFO [GroupMetadataManager brokerId=0] Removed 0 expired offsets in 0 milliseconds. (kafka.coordinator.group.GroupMetadataManager)
[2019-09-25 16:23:05,294] INFO [GroupCoordinator 0]: Preparing to rebalance group customer-service in state PreparingRebalance with old generation 102 (__consumer_offsets-44) (reason: Adding new member consumer-2-fb54ce88-1a52-4a7f-8f35-01138c6766bd with group instanceid None) (kafka.coordinator.group.GroupCoordinator)
[2019-09-25 16:23:05,295] INFO [GroupCoordinator 0]: Stabilized group customer-service generation 103 (__consumer_offsets-44) (kafka.coordinator.group.GroupCoordinator)
[2019-09-25 16:23:05,299] INFO [GroupCoordinator 0]: Assignment received from leader for group customer-service for generation 103 (kafka.coordinator.group.GroupCoordinator)
[2019-09-25 16:28:37,159] INFO [GroupMetadataManager brokerId=0] Removed 0 expired offsets in 0 milliseconds. (kafka.coordinator.group.GroupMetadataManager)
[2019-09-25 16:38:37,153] INFO [GroupMetadataManager brokerId=0] Removed 0 expired offsets in 0 milliseconds. (kafka.coordinator.group.GroupMetadataManager)
[2019-09-25 16:39:25,852] INFO [GroupCoordinator 0]: Member consumer-2-fb54ce88-1a52-4a7f-8f35-01138c6766bd in group customer-service has failed, removing it from the group (kafka.coordinator.group.GroupCoordinator)
[2019-09-25 16:39:25,853] INFO [GroupCoordinator 0]: Preparing to rebalance group customer-service in state PreparingRebalance with old generation 103 (__consumer_offsets-44) (reason: removing member consumer-2-fb54ce88-1a52-4a7f-8f35-01138c6766bd on heartbeat expiration) (kafka.coordinator.group.GroupCoordinator)
[2019-09-25 16:39:25,853] INFO [GroupCoordinator 0]: Group customer-service with generation 104 is now empty (__consumer_offsets-44) (kafka.coordinator.group.GroupCoordinator)
[2019-09-25 16:39:43,715] INFO [GroupCoordinator 0]: Preparing to rebalance group customer-service in state PreparingRebalance with old generation 104 (__consumer_offsets-44) (reason: Adding new member consumer-2-aed11214-05ff-490b-af48-0cb83e303012 with group instanceid None) (kafka.coordinator.group.GroupCoordinator)
[2019-09-25 16:39:43,718] INFO [GroupCoordinator 0]: Stabilized group customer-service generation 105 (__consumer_offsets-44) (kafka.coordinator.group.GroupCoordinator)
[2019-09-25 16:39:43,719] INFO [GroupCoordinator 0]: Assignment received from leader for group customer-service for generation 105 (kafka.coordinator.group.GroupCoordinator)
[2019-09-25 16:40:26,625] INFO [GroupCoordinator 0]: Member consumer-2-aed11214-05ff-490b-af48-0cb83e303012 in group customer-service has left, removing it from the group (kafka.coordinator.group.GroupCoordinator)
[2019-09-25 16:40:26,626] INFO [GroupCoordinator 0]: Preparing to rebalance group customer-service in state PreparingRebalance with old generation 105 (__consumer_offsets-44) (reason: removing member consumer-2-aed11214-05ff-490b-af48-0cb83e303012 on LeaveGroup) (kafka.coordinator.group.GroupCoordinator)
[2019-09-25 16:40:26,626] INFO [GroupCoordinator 0]: Group customer-service with generation 106 is now empty (__consumer_offsets-44) (kafka.coordinator.group.GroupCoordinator)
[2019-09-25 16:40:36,199] INFO [GroupCoordinator 0]: Preparing to rebalance group customer-service in state PreparingRebalance with old generation 106 (__consumer_offsets-44) (reason: Adding new member consumer-2-75dfc70c-c2b3-4c7f-a489-72b24c93276a with group instanceid None) (kafka.coordinator.group.GroupCoordinator)
[2019-09-25 16:40:36,200] INFO [GroupCoordinator 0]: Stabilized group customer-service generation 107 (__consumer_offsets-44) (kafka.coordinator.group.GroupCoordinator)
[2019-09-25 16:40:36,210] INFO [GroupCoordinator 0]: Assignment received from leader for group customer-service for generation 107 (kafka.coordinator.group.GroupCoordinator)
[2019-09-25 16:41:19,608] INFO [GroupCoordinator 0]: Member consumer-2-75dfc70c-c2b3-4c7f-a489-72b24c93276a in group customer-service has left, removing it from the group (kafka.coordinator.group.GroupCoordinator)
[2019-09-25 16:41:19,609] INFO [GroupCoordinator 0]: Preparing to rebalance group customer-service in state PreparingRebalance with old generation 107 (__consumer_offsets-44) (reason: removing member consumer-2-75dfc70c-c2b3-4c7f-a489-72b24c93276a on LeaveGroup) (kafka.coordinator.group.GroupCoordinator)
[2019-09-25 16:41:19,609] INFO [GroupCoordinator 0]: Group customer-service with generation 108 is now empty (__consumer_offsets-44) (kafka.coordinator.group.GroupCoordinator)
[2019-09-25 16:41:28,562] INFO [GroupCoordinator 0]: Preparing to rebalance group customer-service in state PreparingRebalance with old generation 108 (__consumer_offsets-44) (reason: Adding new member consumer-2-dfa8841a-4189-4e75-ae9a-5dbc45a0a9e9 with group instanceid None) (kafka.coordinator.group.GroupCoordinator)
[2019-09-25 16:41:28,563] INFO [GroupCoordinator 0]: Stabilized group customer-service generation 109 (__consumer_offsets-44) (kafka.coordinator.group.GroupCoordinator)
[2019-09-25 16:41:28,567] INFO [GroupCoordinator 0]: Assignment received from leader for group customer-service for generation 109 (kafka.coordinator.group.GroupCoordinator)
[2019-09-25 16:42:41,194] INFO [GroupCoordinator 0]: Member consumer-2-dfa8841a-4189-4e75-ae9a-5dbc45a0a9e9 in group customer-service has left, removing it from the group (kafka.coordinator.group.GroupCoordinator)
[2019-09-25 16:42:41,194] INFO [GroupCoordinator 0]: Preparing to rebalance group customer-service in state PreparingRebalance with old generation 109 (__consumer_offsets-44) (reason: removing member consumer-2-dfa8841a-4189-4e75-ae9a-5dbc45a0a9e9 on LeaveGroup) (kafka.coordinator.group.GroupCoordinator)
[2019-09-25 16:42:41,194] INFO [GroupCoordinator 0]: Group customer-service with generation 110 is now empty (__consumer_offsets-44) (kafka.coordinator.group.GroupCoordinator)
[2019-09-25 16:42:47,379] INFO [GroupCoordinator 0]: Preparing to rebalance group customer-service in state PreparingRebalance with old generation 110 (__consumer_offsets-44) (reason: Adding new member consumer-2-614c1674-0ddc-4cdf-a1d7-01dfb5f8a777 with group instanceid None) (kafka.coordinator.group.GroupCoordinator)
[2019-09-25 16:42:47,379] INFO [GroupCoordinator 0]: Stabilized group customer-service generation 111 (__consumer_offsets-44) (kafka.coordinator.group.GroupCoordinator)
[2019-09-25 16:42:47,381] INFO [GroupCoordinator 0]: Assignment received from leader for group customer-service for generation 111 (kafka.coordinator.group.GroupCoordinator)
[2019-09-25 16:48:37,166] INFO [GroupMetadataManager brokerId=0] Removed 0 expired offsets in 0 milliseconds. (kafka.coordinator.group.GroupMetadataManager)
[2019-09-25 16:49:20,017] INFO [GroupCoordinator 0]: Member consumer-2-614c1674-0ddc-4cdf-a1d7-01dfb5f8a777 in group customer-service has left, removing it from the group (kafka.coordinator.group.GroupCoordinator)
[2019-09-25 16:49:20,017] INFO [GroupCoordinator 0]: Preparing to rebalance group customer-service in state PreparingRebalance with old generation 111 (__consumer_offsets-44) (reason: removing member consumer-2-614c1674-0ddc-4cdf-a1d7-01dfb5f8a777 on LeaveGroup) (kafka.coordinator.group.GroupCoordinator)
[2019-09-25 16:49:20,017] INFO [GroupCoordinator 0]: Group customer-service with generation 112 is now empty (__consumer_offsets-44) (kafka.coordinator.group.GroupCoordinator)
